<?xml version="1.0" encoding="UTF-8"?>
<testsuite name="RectangleIntegrationTest" tests="1" skipped="0" failures="0" errors="0" timestamp="2015-08-18T03:49:44" hostname="Archanas-MBP.home" time="0.309">
  <properties/>
  <testcase name="rootTest" classname="RectangleIntegrationTest" time="0.309"/>
  <system-out><![CDATA[]]></system-out>
  <system-err><![CDATA[[Thread-4] INFO spark.webserver.SparkServer - == Spark has ignited ...
[Thread-4] INFO spark.webserver.SparkServer - >> Listening on 0.0.0.0:4567
[Thread-4] INFO org.eclipse.jetty.server.Server - jetty-9.0.2.v20130417
[Thread-4] INFO org.eclipse.jetty.server.ServerConnector - Started ServerConnector@4d844c0c{HTTP/1.1}{0.0.0.0:4567}
[Test worker] INFO spark.webserver.SparkServer - >>> Spark shutting down ...
[Test worker] INFO org.eclipse.jetty.server.Server - Graceful shutdown org.eclipse.jetty.server.Server@3f5c4d2 by 
[Test worker] INFO org.eclipse.jetty.server.ServerConnector - Stopped ServerConnector@4d844c0c{HTTP/1.1}{0.0.0.0:4567}
[Test worker] INFO spark.webserver.SparkServer - done
]]></system-err>
</testsuite>
